2017-08-18 17:23:21,041 DEBUG [azura.helios6.test.TestMain] - found Hnode(id=1,size=7b) number=20 note=hello
2017-08-18 17:23:21,073 DEBUG [azura.helios6.Helios6Core] - db version = 3, size = 28kb
2017-08-18 17:25:48,966 DEBUG [azura.helios6.Helios6Core] - db version = 10, size = 28kb
2017-08-18 17:27:21,791 DEBUG [azura.helios6.Helios6Core] - db version = 3, size = 86kb
2017-08-18 17:27:32,569 DEBUG [azura.helios6.Helios6Core] - db version = 10, size = 626kb
2017-08-18 17:28:25,811 DEBUG [azura.helios6.Helios6Core] - db version = 17, size = 5943kb
2017-08-18 17:29:37,589 INFO [azura.helios6.test.TestMain] - result size=111997
2017-08-18 17:29:37,956 DEBUG [azura.helios6.Helios6Core] - db version = 24, size = 6025kb
2017-08-18 17:30:09,125 INFO [azura.helios6.test.TestMain] - result size=112996
2017-08-18 17:30:09,232 DEBUG [azura.helios6.Helios6Core] - db version = 31, size = 6107kb
2017-08-30 20:05:20,237 INFO [azura.helios6.test.TestMain] - result size=147285
2017-08-30 20:05:20,629 DEBUG [azura.helios6.Helios6Core] - db version = 39, size = 10854kb
2017-08-30 20:06:40,831 INFO [azura.helios6.test.TestMain] - result size=198242
2017-08-30 20:06:41,443 DEBUG [azura.helios6.Helios6Core] - db version = 47, size = 17600kb
2017-08-30 20:07:20,985 INFO [azura.helios6.test.TestMain] - result size=249333
2017-08-30 20:07:21,396 DEBUG [azura.helios6.Helios6Core] - db version = 55, size = 24338kb
2017-08-30 20:09:14,227 INFO [azura.helios6.test.TestMain] - result size=299863
2017-08-30 20:09:14,969 DEBUG [azura.helios6.Helios6Core] - db version = 62, size = 31064kb
2017-08-30 21:49:02,295 DEBUG [common.collections.timer.TimeAxis] - TimeAxis has thread problems, do not use!!!
2017-08-30 21:49:02,310 DEBUG [common.collections.timer.TimeAxis$1] - pool-3-thread-1
2017-08-30 21:49:02,342 DEBUG [common.collections.timer.TimeAxis$1] - pool-3-thread-1
2017-08-30 21:49:02,342 DEBUG [common.collections.timer.TimeAxis$1] - pool-3-thread-1
2017-08-30 21:49:02,342 DEBUG [common.collections.timer.TimeAxis$1] - pool-3-thread-1
2017-08-30 21:49:02,358 DEBUG [common.collections.timer.TimeAxis$1] - pool-3-thread-1
2017-08-30 21:49:02,373 DEBUG [common.collections.timer.TimeAxis$1] - pool-3-thread-1
2017-08-30 21:49:02,389 DEBUG [common.collections.timer.TimeAxis$1] - pool-3-thread-1
2017-08-30 21:49:02,389 DEBUG [common.collections.timer.TimeAxis$1] - pool-3-thread-1
2017-08-30 21:49:02,405 DEBUG [common.collections.timer.TimeAxis$1] - pool-3-thread-1
2017-08-30 21:49:02,405 DEBUG [common.collections.timer.TimeAxis$1] - pool-3-thread-1
2017-08-30 21:49:02,420 DEBUG [common.collections.timer.TimeAxis$1] - pool-3-thread-1
2017-08-30 21:49:02,436 DEBUG [common.collections.timer.TimeAxis$1] - pool-3-thread-1
2017-08-30 21:49:02,436 DEBUG [common.collections.timer.TimeAxis$1] - pool-3-thread-1
2017-08-30 21:49:02,451 DEBUG [common.collections.timer.TimeAxis$1] - pool-3-thread-1
2017-08-30 21:49:02,467 DEBUG [common.collections.timer.TimeAxis$1] - pool-3-thread-1
2017-08-30 21:49:02,467 DEBUG [common.collections.timer.TimeAxis$1] - pool-3-thread-1
2017-08-30 21:49:02,483 DEBUG [common.collections.timer.TimeAxis$1] - pool-3-thread-1
2017-08-30 21:49:02,498 DEBUG [common.collections.timer.TimeAxis$1] - pool-3-thread-1
2017-08-30 21:49:02,498 DEBUG [common.collections.timer.TimeAxis$1] - pool-3-thread-1
2017-08-30 21:49:02,514 DEBUG [common.collections.timer.TimeAxis$1] - pool-3-thread-1
2017-08-30 21:49:02,514 DEBUG [common.collections.timer.TimeAxis$1] - pool-3-thread-1
2017-08-30 21:49:02,529 DEBUG [common.collections.timer.TimeAxis$1] - pool-3-thread-1
2017-08-30 21:49:02,545 DEBUG [common.collections.timer.TimeAxis$1] - pool-3-thread-1
2017-08-30 21:49:02,545 DEBUG [common.collections.timer.TimeAxis$1] - pool-3-thread-1
2017-08-30 21:49:02,560 DEBUG [common.collections.timer.TimeAxis$1] - pool-3-thread-1
2017-08-30 21:49:02,576 DEBUG [common.collections.timer.TimeAxis$1] - pool-3-thread-1
2017-08-30 21:49:02,576 DEBUG [common.collections.timer.TimeAxis$1] - pool-3-thread-1
2017-08-30 21:49:02,592 DEBUG [common.collections.timer.TimeAxis$1] - pool-3-thread-1
2017-08-30 21:49:02,607 DEBUG [common.collections.timer.TimeAxis$1] - pool-3-thread-1
2017-08-30 21:49:02,607 DEBUG [common.collections.timer.TimeAxis$1] - pool-3-thread-1
2017-08-30 21:49:02,623 DEBUG [common.collections.timer.TimeAxis$1] - pool-3-thread-1
2017-08-30 21:49:02,638 DEBUG [common.collections.timer.TimeAxis$1] - pool-3-thread-1
2017-08-30 21:49:02,638 DEBUG [common.collections.timer.TimeAxis$1] - pool-3-thread-1
2017-08-30 21:49:02,654 DEBUG [common.collections.timer.TimeAxis$1] - pool-3-thread-1
2017-08-30 21:49:02,654 DEBUG [common.collections.timer.TimeAxis$1] - pool-3-thread-1
2017-08-30 21:49:02,670 DEBUG [common.collections.timer.TimeAxis$1] - pool-3-thread-1
2017-08-30 21:49:02,685 DEBUG [common.collections.timer.TimeAxis$1] - pool-3-thread-1
2017-08-30 21:49:02,685 DEBUG [common.collections.timer.TimeAxis$1] - pool-3-thread-1
2017-08-30 21:49:02,701 DEBUG [common.collections.timer.TimeAxis$1] - pool-3-thread-1
2017-08-30 21:49:02,717 DEBUG [common.collections.timer.TimeAxis$1] - pool-3-thread-1
2017-08-30 21:49:02,717 DEBUG [common.collections.timer.TimeAxis$1] - pool-3-thread-1
2017-08-30 21:49:02,733 DEBUG [common.collections.timer.TimeAxis$1] - pool-3-thread-1
2017-08-30 21:49:02,733 DEBUG [common.collections.timer.TimeAxis$1] - pool-3-thread-1
2017-08-30 21:49:02,753 DEBUG [common.collections.timer.TimeAxis$1] - pool-3-thread-1
2017-08-30 21:49:02,753 DEBUG [common.collections.timer.TimeAxis$1] - pool-3-thread-1
2017-08-30 21:49:02,769 DEBUG [common.collections.timer.TimeAxis$1] - pool-3-thread-1
2017-08-30 21:49:02,785 DEBUG [common.collections.timer.TimeAxis$1] - pool-3-thread-1
2017-08-30 21:49:02,785 DEBUG [common.collections.timer.TimeAxis$1] - pool-3-thread-1
2017-08-30 21:49:02,800 DEBUG [common.collections.timer.TimeAxis$1] - pool-3-thread-1
2017-08-30 21:49:02,816 DEBUG [common.collections.timer.TimeAxis$1] - pool-3-thread-1
2017-08-30 21:49:02,816 DEBUG [common.collections.timer.TimeAxis$1] - pool-3-thread-1
2017-08-30 21:49:02,831 DEBUG [common.collections.timer.TimeAxis$1] - pool-3-thread-1
2017-08-30 21:49:02,846 DEBUG [common.collections.timer.TimeAxis$1] - pool-3-thread-1
2017-08-30 21:49:02,846 DEBUG [common.collections.timer.TimeAxis$1] - pool-3-thread-1
2017-08-30 21:49:02,863 DEBUG [common.collections.timer.TimeAxis$1] - pool-3-thread-1
2017-08-30 21:49:02,878 DEBUG [common.collections.timer.TimeAxis$1] - pool-3-thread-1
2017-08-30 21:49:02,878 DEBUG [common.collections.timer.TimeAxis$1] - pool-3-thread-1
2017-08-30 21:49:02,894 DEBUG [common.collections.timer.TimeAxis$1] - pool-3-thread-1
2017-08-30 21:49:02,894 DEBUG [common.collections.timer.TimeAxis$1] - pool-3-thread-1
2017-08-30 21:49:02,909 DEBUG [common.collections.timer.TimeAxis$1] - pool-3-thread-1
2017-08-30 21:49:02,925 DEBUG [common.collections.timer.TimeAxis$1] - pool-3-thread-1
2017-08-30 21:49:02,925 DEBUG [common.collections.timer.TimeAxis$1] - pool-3-thread-1
2017-08-30 21:49:02,940 DEBUG [common.collections.timer.TimeAxis$1] - pool-3-thread-1
2017-08-30 21:49:02,956 DEBUG [common.collections.timer.TimeAxis$1] - pool-3-thread-1
2017-08-30 21:49:02,956 DEBUG [common.collections.timer.TimeAxis$1] - pool-3-thread-1
2017-08-30 21:49:02,972 DEBUG [common.collections.timer.TimeAxis$1] - pool-3-thread-1
2017-08-30 21:49:02,972 DEBUG [common.collections.timer.TimeAxis$1] - pool-3-thread-1
2017-08-30 21:49:02,987 DEBUG [common.collections.timer.TimeAxis$1] - pool-3-thread-1
2017-08-30 21:49:03,003 DEBUG [common.collections.timer.TimeAxis$1] - pool-3-thread-1
2017-08-30 21:49:03,018 DEBUG [common.collections.timer.TimeAxis$1] - pool-3-thread-1
2017-08-30 21:49:03,018 DEBUG [common.collections.timer.TimeAxis$1] - pool-3-thread-1
2017-08-30 21:49:03,035 DEBUG [common.collections.timer.TimeAxis$1] - pool-3-thread-1
2017-08-30 21:49:03,035 DEBUG [common.collections.timer.TimeAxis$1] - pool-3-thread-1
2017-08-30 21:49:03,050 DEBUG [common.collections.timer.TimeAxis$1] - pool-3-thread-1
2017-08-30 21:49:03,065 DEBUG [common.collections.timer.TimeAxis$1] - pool-3-thread-1
2017-08-30 21:49:03,065 DEBUG [common.collections.timer.TimeAxis$1] - pool-3-thread-1
2017-08-30 21:49:03,082 DEBUG [common.collections.timer.TimeAxis$1] - pool-3-thread-1
2017-08-30 21:49:03,097 DEBUG [common.collections.timer.TimeAxis$1] - pool-3-thread-1
2017-08-30 21:49:03,097 DEBUG [common.collections.timer.TimeAxis$1] - pool-3-thread-1
2017-08-30 21:49:03,113 DEBUG [common.collections.timer.TimeAxis$1] - pool-3-thread-1
2017-08-30 21:49:03,128 DEBUG [common.collections.timer.TimeAxis$1] - pool-3-thread-1
2017-08-30 21:49:03,128 DEBUG [common.collections.timer.TimeAxis$1] - pool-3-thread-1
2017-08-30 21:49:03,144 DEBUG [common.collections.timer.TimeAxis$1] - pool-3-thread-1
2017-08-30 21:49:03,144 DEBUG [common.collections.timer.TimeAxis$1] - pool-3-thread-1
2017-08-30 21:49:03,160 DEBUG [common.collections.timer.TimeAxis$1] - pool-3-thread-1
2017-08-30 21:49:03,175 DEBUG [common.collections.timer.TimeAxis$1] - pool-3-thread-1
2017-08-30 21:49:03,175 DEBUG [common.collections.timer.TimeAxis$1] - pool-3-thread-1
2017-08-30 21:49:03,191 DEBUG [common.collections.timer.TimeAxis$1] - pool-3-thread-1
2017-08-30 21:49:03,206 DEBUG [common.collections.timer.TimeAxis$1] - pool-3-thread-1
2017-08-30 21:49:03,206 DEBUG [common.collections.timer.TimeAxis$1] - pool-3-thread-1
2017-08-30 21:49:03,221 DEBUG [common.collections.timer.TimeAxis$1] - pool-3-thread-1
2017-08-30 21:49:03,237 DEBUG [common.collections.timer.TimeAxis$1] - pool-3-thread-1
2017-08-30 21:49:03,237 DEBUG [common.collections.timer.TimeAxis$1] - pool-3-thread-1
2017-08-30 21:49:03,253 DEBUG [common.collections.timer.TimeAxis$1] - pool-3-thread-1
2017-08-30 21:49:03,269 DEBUG [common.collections.timer.TimeAxis$1] - pool-3-thread-1
2017-08-30 21:49:03,269 DEBUG [common.collections.timer.TimeAxis$1] - pool-3-thread-1
2017-08-30 21:49:03,284 DEBUG [common.collections.timer.TimeAxis$1] - pool-3-thread-1
2017-08-30 21:49:03,284 DEBUG [common.collections.timer.TimeAxis$1] - pool-3-thread-1
2017-08-30 21:49:03,300 DEBUG [common.collections.timer.TimeAxis$1] - pool-3-thread-1
2017-08-30 21:49:03,315 DEBUG [common.collections.timer.TimeAxis$1] - pool-3-thread-1
2017-08-30 21:49:03,315 DEBUG [common.collections.timer.TimeAxis$1] - pool-3-thread-1
2017-08-30 21:49:03,331 DEBUG [common.collections.timer.TimeAxis$1] - pool-3-thread-1
2017-08-30 21:49:03,347 DEBUG [common.collections.timer.TimeAxis$1] - pool-3-thread-1
2017-08-30 21:49:03,347 DEBUG [common.collections.timer.TimeAxis$1] - pool-3-thread-1
2017-08-30 21:49:03,362 DEBUG [common.collections.timer.TimeAxis$1] - pool-3-thread-1
2017-08-30 21:49:03,378 DEBUG [common.collections.timer.TimeAxis$1] - pool-3-thread-1
2017-08-30 21:49:03,378 DEBUG [common.collections.timer.TimeAxis$1] - pool-3-thread-1
2017-08-30 21:49:03,393 DEBUG [common.collections.timer.TimeAxis$1] - pool-3-thread-1
2017-08-30 21:49:03,409 DEBUG [common.collections.timer.TimeAxis$1] - pool-3-thread-1
2017-08-30 21:49:03,409 DEBUG [common.collections.timer.TimeAxis$1] - pool-3-thread-1
2017-08-30 21:49:03,424 DEBUG [common.collections.timer.TimeAxis$1] - pool-3-thread-1
2017-08-30 21:49:03,424 DEBUG [common.collections.timer.TimeAxis$1] - pool-3-thread-1
2017-08-30 21:49:03,441 DEBUG [common.collections.timer.TimeAxis$1] - pool-3-thread-1
2017-08-30 21:49:03,457 DEBUG [common.collections.timer.TimeAxis$1] - pool-3-thread-1
2017-08-30 21:49:03,457 DEBUG [common.collections.timer.TimeAxis$1] - pool-3-thread-1
2017-08-30 21:49:03,472 DEBUG [common.collections.timer.TimeAxis$1] - pool-3-thread-1
2017-08-30 21:49:03,488 DEBUG [common.collections.timer.TimeAxis$1] - pool-3-thread-1
2017-08-30 21:49:03,488 DEBUG [common.collections.timer.TimeAxis$1] - pool-3-thread-1
2017-08-30 21:49:03,503 DEBUG [common.collections.timer.TimeAxis$1] - pool-3-thread-1
2017-08-30 21:49:03,519 DEBUG [common.collections.timer.TimeAxis$1] - pool-3-thread-1
2017-08-30 21:49:03,519 DEBUG [common.collections.timer.TimeAxis$1] - pool-3-thread-1
2017-08-30 21:49:03,534 DEBUG [common.collections.timer.TimeAxis$1] - pool-3-thread-1
2017-08-30 21:49:03,534 DEBUG [common.collections.timer.TimeAxis$1] - pool-3-thread-1
2017-08-30 21:49:03,550 DEBUG [common.collections.timer.TimeAxis$1] - pool-3-thread-1
2017-08-30 21:49:03,566 DEBUG [common.collections.timer.TimeAxis$1] - pool-3-thread-1
2017-08-30 21:49:03,566 DEBUG [common.collections.timer.TimeAxis$1] - pool-3-thread-1
2017-08-30 21:49:03,581 DEBUG [common.collections.timer.TimeAxis$1] - pool-3-thread-1
2017-08-30 21:49:03,597 DEBUG [common.collections.timer.TimeAxis$1] - pool-3-thread-1
2017-08-30 21:49:03,597 DEBUG [common.collections.timer.TimeAxis$1] - pool-3-thread-1
2017-08-30 21:49:03,613 DEBUG [common.collections.timer.TimeAxis$1] - pool-3-thread-1
2017-08-30 21:49:03,628 DEBUG [common.collections.timer.TimeAxis$1] - pool-3-thread-1
2017-08-30 21:49:03,628 DEBUG [common.collections.timer.TimeAxis$1] - pool-3-thread-1
2017-08-30 21:49:03,644 DEBUG [common.collections.timer.TimeAxis$1] - pool-3-thread-1
2017-08-30 21:49:03,644 DEBUG [common.collections.timer.TimeAxis$1] - pool-3-thread-1
2017-08-30 21:49:03,659 DEBUG [common.collections.timer.TimeAxis$1] - pool-3-thread-1
2017-08-30 21:49:03,675 DEBUG [common.collections.timer.TimeAxis$1] - pool-3-thread-1
2017-08-30 21:49:03,675 DEBUG [common.collections.timer.TimeAxis$1] - pool-3-thread-1
2017-08-30 21:49:03,690 DEBUG [common.collections.timer.TimeAxis$1] - pool-3-thread-1
2017-08-30 21:49:03,706 DEBUG [common.collections.timer.TimeAxis$1] - pool-3-thread-1
2017-08-30 21:49:03,706 DEBUG [common.collections.timer.TimeAxis$1] - pool-3-thread-1
2017-08-30 21:49:03,722 DEBUG [common.collections.timer.TimeAxis$1] - pool-3-thread-1
2017-08-30 21:49:03,722 DEBUG [common.collections.timer.TimeAxis$1] - pool-3-thread-1
2017-08-30 21:49:03,737 DEBUG [common.collections.timer.TimeAxis$1] - pool-3-thread-1
2017-08-30 21:49:03,755 DEBUG [common.collections.timer.TimeAxis$1] - pool-3-thread-1
2017-08-30 21:49:03,755 DEBUG [common.collections.timer.TimeAxis$1] - pool-3-thread-1
2017-08-30 21:49:03,771 DEBUG [common.collections.timer.TimeAxis$1] - pool-3-thread-1
2017-08-30 21:49:03,788 DEBUG [common.collections.timer.TimeAxis$1] - pool-3-thread-1
2017-08-30 21:49:03,788 DEBUG [common.collections.timer.TimeAxis$1] - pool-3-thread-1
2017-08-30 21:49:03,802 DEBUG [common.collections.timer.TimeAxis$1] - pool-3-thread-1
2017-08-30 21:49:03,818 DEBUG [common.collections.timer.TimeAxis$1] - pool-3-thread-1
2017-08-30 21:49:03,818 DEBUG [common.collections.timer.TimeAxis$1] - pool-3-thread-1
2017-08-30 21:49:03,833 DEBUG [common.collections.timer.TimeAxis$1] - pool-3-thread-1
2017-08-30 21:49:03,850 DEBUG [common.collections.timer.TimeAxis$1] - pool-3-thread-1
2017-08-30 21:49:03,850 DEBUG [common.collections.timer.TimeAxis$1] - pool-3-thread-1
2017-08-30 21:49:03,865 DEBUG [common.collections.timer.TimeAxis$1] - pool-3-thread-1
2017-08-30 21:49:03,865 DEBUG [common.collections.timer.TimeAxis$1] - pool-3-thread-1
2017-08-30 21:49:03,881 DEBUG [common.collections.timer.TimeAxis$1] - pool-3-thread-1
2017-08-30 21:49:03,897 DEBUG [common.collections.timer.TimeAxis$1] - pool-3-thread-1
2017-08-30 21:49:03,897 DEBUG [common.collections.timer.TimeAxis$1] - pool-3-thread-1
2017-08-30 21:49:03,912 DEBUG [common.collections.timer.TimeAxis$1] - pool-3-thread-1
2017-08-30 21:49:03,928 DEBUG [common.collections.timer.TimeAxis$1] - pool-3-thread-1
2017-08-30 21:49:03,928 DEBUG [common.collections.timer.TimeAxis$1] - pool-3-thread-1
2017-08-30 21:49:03,943 DEBUG [common.collections.timer.TimeAxis$1] - pool-3-thread-1
2017-08-30 21:49:03,959 DEBUG [common.collections.timer.TimeAxis$1] - pool-3-thread-1
2017-08-30 21:49:03,959 DEBUG [common.collections.timer.TimeAxis$1] - pool-3-thread-1
2017-08-30 21:49:03,975 DEBUG [common.collections.timer.TimeAxis$1] - pool-3-thread-1
2017-08-30 21:49:03,975 DEBUG [common.collections.timer.TimeAxis$1] - pool-3-thread-1
2017-08-30 21:49:03,990 DEBUG [common.collections.timer.TimeAxis$1] - pool-3-thread-1
2017-08-30 21:49:04,006 DEBUG [common.collections.timer.TimeAxis$1] - pool-3-thread-1
2017-08-30 21:49:04,006 DEBUG [common.collections.timer.TimeAxis$1] - pool-3-thread-1
2017-08-30 21:49:04,021 DEBUG [common.collections.timer.TimeAxis$1] - pool-3-thread-1
2017-08-30 21:49:04,037 DEBUG [common.collections.timer.TimeAxis$1] - pool-3-thread-1
2017-08-30 21:49:04,037 DEBUG [common.collections.timer.TimeAxis$1] - pool-3-thread-1
2017-08-30 21:49:04,053 DEBUG [common.collections.timer.TimeAxis$1] - pool-3-thread-1
2017-08-30 21:49:04,053 DEBUG [common.collections.timer.TimeAxis$1] - pool-3-thread-1
2017-08-30 21:49:04,068 DEBUG [common.collections.timer.TimeAxis$1] - pool-3-thread-1
2017-08-30 21:49:04,084 DEBUG [common.collections.timer.TimeAxis$1] - pool-3-thread-1
2017-08-30 21:49:04,084 DEBUG [common.collections.timer.TimeAxis$1] - pool-3-thread-1
2017-08-30 21:49:04,099 DEBUG [common.collections.timer.TimeAxis$1] - pool-3-thread-1
2017-08-30 21:49:04,115 DEBUG [common.collections.timer.TimeAxis$1] - pool-3-thread-1
2017-08-30 21:49:04,115 DEBUG [common.collections.timer.TimeAxis$1] - pool-3-thread-1
2017-08-30 21:49:04,131 DEBUG [common.collections.timer.TimeAxis$1] - pool-3-thread-1
2017-08-30 21:49:04,146 DEBUG [common.collections.timer.TimeAxis$1] - pool-3-thread-1
2017-08-30 21:49:04,146 DEBUG [common.collections.timer.TimeAxis$1] - pool-3-thread-1
2017-08-30 21:49:04,163 DEBUG [common.collections.timer.TimeAxis$1] - pool-3-thread-1
2017-08-30 21:49:04,177 DEBUG [common.collections.timer.TimeAxis$1] - pool-3-thread-1
2017-08-30 21:49:04,177 DEBUG [common.collections.timer.TimeAxis$1] - pool-3-thread-1
2017-08-30 21:49:04,193 DEBUG [common.collections.timer.TimeAxis$1] - pool-3-thread-1
2017-08-30 21:49:04,209 DEBUG [common.collections.timer.TimeAxis$1] - pool-3-thread-1
2017-08-30 21:49:04,209 DEBUG [common.collections.timer.TimeAxis$1] - pool-3-thread-1
2017-08-30 21:49:04,225 DEBUG [common.collections.timer.TimeAxis$1] - pool-3-thread-1
2017-08-30 21:49:04,225 DEBUG [common.collections.timer.TimeAxis$1] - pool-3-thread-1
2017-08-30 21:49:04,241 DEBUG [common.collections.timer.TimeAxis$1] - pool-3-thread-1
2017-08-30 21:49:04,256 DEBUG [common.collections.timer.TimeAxis$1] - pool-3-thread-1
2017-08-30 21:49:04,256 DEBUG [common.collections.timer.TimeAxis$1] - pool-3-thread-1
2017-08-30 21:49:04,272 DEBUG [common.collections.timer.TimeAxis$1] - pool-3-thread-1
2017-08-30 21:49:04,287 DEBUG [common.collections.timer.TimeAxis$1] - pool-3-thread-1
2017-08-30 21:49:04,287 DEBUG [common.collections.timer.TimeAxis$1] - pool-3-thread-1
2017-08-30 21:49:04,303 DEBUG [common.collections.timer.TimeAxis$1] - pool-3-thread-1
2017-08-30 21:49:04,319 DEBUG [common.collections.timer.TimeAxis$1] - pool-3-thread-1
2017-08-30 21:49:04,319 DEBUG [common.collections.timer.TimeAxis$1] - pool-3-thread-1
2017-08-30 21:49:04,334 DEBUG [common.collections.timer.TimeAxis$1] - pool-3-thread-1
2017-08-30 21:49:04,334 DEBUG [common.collections.timer.TimeAxis$1] - pool-3-thread-1
2017-08-30 21:49:04,350 DEBUG [common.collections.timer.TimeAxis$1] - pool-3-thread-1
2017-08-30 21:49:04,365 DEBUG [common.collections.timer.TimeAxis$1] - pool-3-thread-1
2017-08-30 21:49:04,365 DEBUG [common.collections.timer.TimeAxis$1] - pool-3-thread-1
2017-08-30 21:49:04,381 DEBUG [common.collections.timer.TimeAxis$1] - pool-3-thread-1
2017-08-30 21:49:04,396 DEBUG [common.collections.timer.TimeAxis$1] - pool-3-thread-1
2017-08-30 21:49:04,396 DEBUG [common.collections.timer.TimeAxis$1] - pool-3-thread-1
2017-08-30 21:49:04,412 DEBUG [common.collections.timer.TimeAxis$1] - pool-3-thread-1
2017-08-30 21:49:04,428 DEBUG [common.collections.timer.TimeAxis$1] - pool-3-thread-1
2017-08-30 21:49:04,428 DEBUG [common.collections.timer.TimeAxis$1] - pool-3-thread-1
2017-08-30 21:49:04,443 DEBUG [common.collections.timer.TimeAxis$1] - pool-3-thread-1
2017-08-30 21:49:04,459 DEBUG [common.collections.timer.TimeAxis$1] - pool-3-thread-1
2017-08-30 21:49:04,459 DEBUG [common.collections.timer.TimeAxis$1] - pool-3-thread-1
2017-08-30 21:49:04,474 DEBUG [common.collections.timer.TimeAxis$1] - pool-3-thread-1
2017-08-30 21:49:04,474 DEBUG [common.collections.timer.TimeAxis$1] - pool-3-thread-1
2017-08-30 21:49:04,490 DEBUG [common.collections.timer.TimeAxis$1] - pool-3-thread-1
2017-08-30 21:49:04,506 DEBUG [common.collections.timer.TimeAxis$1] - pool-3-thread-1
2017-08-30 21:49:04,506 DEBUG [common.collections.timer.TimeAxis$1] - pool-3-thread-1
2017-08-30 21:49:04,521 DEBUG [common.collections.timer.TimeAxis$1] - pool-3-thread-1
2017-08-30 21:49:04,537 DEBUG [common.collections.timer.TimeAxis$1] - pool-3-thread-1
2017-08-30 21:49:04,537 DEBUG [common.collections.timer.TimeAxis$1] - pool-3-thread-1
2017-08-30 21:49:04,552 DEBUG [common.collections.timer.TimeAxis$1] - pool-3-thread-1
2017-08-30 21:49:04,568 DEBUG [common.collections.timer.TimeAxis$1] - pool-3-thread-1
2017-08-30 21:49:04,568 DEBUG [common.collections.timer.TimeAxis$1] - pool-3-thread-1
2017-08-30 21:49:04,583 DEBUG [common.collections.timer.TimeAxis$1] - pool-3-thread-1
2017-08-30 21:49:04,583 DEBUG [common.collections.timer.TimeAxis$1] - pool-3-thread-1
2017-08-30 21:49:04,600 DEBUG [common.collections.timer.TimeAxis$1] - pool-3-thread-1
2017-08-30 21:49:04,616 DEBUG [common.collections.timer.TimeAxis$1] - pool-3-thread-1
2017-08-30 21:49:04,616 DEBUG [common.collections.timer.TimeAxis$1] - pool-3-thread-1
2017-08-30 21:49:04,631 DEBUG [common.collections.timer.TimeAxis$1] - pool-3-thread-1
2017-08-30 21:49:04,647 DEBUG [common.collections.timer.TimeAxis$1] - pool-3-thread-1
2017-08-30 21:49:04,647 DEBUG [common.collections.timer.TimeAxis$1] - pool-3-thread-1
2017-08-30 21:49:04,662 DEBUG [common.collections.timer.TimeAxis$1] - pool-3-thread-1
2017-08-30 21:49:04,678 DEBUG [common.collections.timer.TimeAxis$1] - pool-3-thread-1
2017-08-30 21:49:04,678 DEBUG [common.collections.timer.TimeAxis$1] - pool-3-thread-1
2017-08-30 21:49:04,693 DEBUG [common.collections.timer.TimeAxis$1] - pool-3-thread-1
2017-08-30 21:49:04,709 DEBUG [common.collections.timer.TimeAxis$1] - pool-3-thread-1
2017-08-30 21:49:04,709 DEBUG [common.collections.timer.TimeAxis$1] - pool-3-thread-1
2017-08-30 21:49:04,725 DEBUG [common.collections.timer.TimeAxis$1] - pool-3-thread-1
2017-08-30 21:49:04,725 DEBUG [common.collections.timer.TimeAxis$1] - pool-3-thread-1
2017-08-30 21:49:04,740 DEBUG [common.collections.timer.TimeAxis$1] - pool-3-thread-1
2017-08-30 21:49:04,759 DEBUG [common.collections.timer.TimeAxis$1] - pool-3-thread-1
2017-08-30 21:49:04,759 DEBUG [common.collections.timer.TimeAxis$1] - pool-3-thread-1
2017-08-30 21:49:04,775 DEBUG [common.collections.timer.TimeAxis$1] - pool-3-thread-1
2017-08-30 21:49:04,775 DEBUG [common.collections.timer.TimeAxis$1] - pool-3-thread-1
2017-08-30 21:49:04,790 DEBUG [common.collections.timer.TimeAxis$1] - pool-3-thread-1
2017-08-30 21:49:04,806 DEBUG [common.collections.timer.TimeAxis$1] - pool-3-thread-1
2017-08-30 21:49:04,806 DEBUG [common.collections.timer.TimeAxis$1] - pool-3-thread-1
2017-08-30 21:49:04,822 DEBUG [common.collections.timer.TimeAxis$1] - pool-3-thread-1
2017-08-30 21:49:04,837 DEBUG [common.collections.timer.TimeAxis$1] - pool-3-thread-1
2017-08-30 21:49:04,837 DEBUG [common.collections.timer.TimeAxis$1] - pool-3-thread-1
2017-08-30 21:49:04,853 DEBUG [common.collections.timer.TimeAxis$1] - pool-3-thread-1
2017-08-30 21:49:04,869 DEBUG [common.collections.timer.TimeAxis$1] - pool-3-thread-1
2017-08-30 21:49:04,869 DEBUG [common.collections.timer.TimeAxis$1] - pool-3-thread-1
2017-08-30 21:49:04,884 DEBUG [common.collections.timer.TimeAxis$1] - pool-3-thread-1
2017-08-30 21:49:04,884 DEBUG [common.collections.timer.TimeAxis$1] - pool-3-thread-1
2017-08-30 21:49:04,899 DEBUG [common.collections.timer.TimeAxis$1] - pool-3-thread-1
2017-08-30 21:49:04,915 DEBUG [common.collections.timer.TimeAxis$1] - pool-3-thread-1
2017-08-30 21:49:04,915 DEBUG [common.collections.timer.TimeAxis$1] - pool-3-thread-1
2017-08-30 21:49:04,931 DEBUG [common.collections.timer.TimeAxis$1] - pool-3-thread-1
2017-08-30 21:49:04,947 DEBUG [common.collections.timer.TimeAxis$1] - pool-3-thread-1
2017-08-30 21:49:04,947 DEBUG [common.collections.timer.TimeAxis$1] - pool-3-thread-1
2017-08-30 21:49:04,962 DEBUG [common.collections.timer.TimeAxis$1] - pool-3-thread-1
2017-08-30 21:49:04,978 DEBUG [common.collections.timer.TimeAxis$1] - pool-3-thread-1
2017-08-30 21:49:04,978 DEBUG [common.collections.timer.TimeAxis$1] - pool-3-thread-1
2017-08-30 21:49:04,994 DEBUG [common.collections.timer.TimeAxis$1] - pool-3-thread-1
2017-08-30 21:49:04,994 DEBUG [common.collections.timer.TimeAxis$1] - pool-3-thread-1
2017-08-30 21:49:05,009 DEBUG [common.collections.timer.TimeAxis$1] - pool-3-thread-1
2017-08-30 21:49:05,025 DEBUG [common.collections.timer.TimeAxis$1] - pool-3-thread-1
2017-08-30 21:49:05,025 DEBUG [common.collections.timer.TimeAxis$1] - pool-3-thread-1
2017-08-30 21:49:05,041 DEBUG [common.collections.timer.TimeAxis$1] - pool-3-thread-1
2017-08-30 21:49:05,056 DEBUG [common.collections.timer.TimeAxis$1] - pool-3-thread-1
2017-08-30 21:49:05,056 DEBUG [common.collections.timer.TimeAxis$1] - pool-3-thread-1
2017-08-30 21:49:05,072 DEBUG [common.collections.timer.TimeAxis$1] - pool-3-thread-1
2017-08-30 21:49:05,087 DEBUG [common.collections.timer.TimeAxis$1] - pool-3-thread-1
2017-08-30 21:49:05,087 DEBUG [common.collections.timer.TimeAxis$1] - pool-3-thread-1
2017-08-30 21:49:05,103 DEBUG [common.collections.timer.TimeAxis$1] - pool-3-thread-1
2017-08-30 21:49:05,119 DEBUG [common.collections.timer.TimeAxis$1] - pool-3-thread-1
2017-08-30 21:49:05,119 DEBUG [common.collections.timer.TimeAxis$1] - pool-3-thread-1
2017-08-30 21:49:05,134 DEBUG [common.collections.timer.TimeAxis$1] - pool-3-thread-1
2017-08-30 21:49:05,134 DEBUG [common.collections.timer.TimeAxis$1] - pool-3-thread-1
2017-08-30 21:49:05,150 DEBUG [common.collections.timer.TimeAxis$1] - pool-3-thread-1
2017-08-30 21:49:05,165 DEBUG [common.collections.timer.TimeAxis$1] - pool-3-thread-1
2017-08-30 21:49:05,165 DEBUG [common.collections.timer.TimeAxis$1] - pool-3-thread-1
2017-08-30 21:49:05,181 DEBUG [common.collections.timer.TimeAxis$1] - pool-3-thread-1
2017-08-30 21:49:05,197 DEBUG [common.collections.timer.TimeAxis$1] - pool-3-thread-1
2017-08-30 21:49:05,197 DEBUG [common.collections.timer.TimeAxis$1] - pool-3-thread-1
2017-08-30 21:49:05,212 DEBUG [common.collections.timer.TimeAxis$1] - pool-3-thread-1
2017-08-30 21:49:05,228 DEBUG [common.collections.timer.TimeAxis$1] - pool-3-thread-1
2017-08-30 21:49:05,228 DEBUG [common.collections.timer.TimeAxis$1] - pool-3-thread-1
2017-08-30 21:49:05,243 DEBUG [common.collections.timer.TimeAxis$1] - pool-3-thread-1
2017-08-30 21:49:05,259 DEBUG [common.collections.timer.TimeAxis$1] - pool-3-thread-1
2017-08-30 21:49:05,259 DEBUG [common.collections.timer.TimeAxis$1] - pool-3-thread-1
2017-08-30 21:49:05,274 DEBUG [common.collections.timer.TimeAxis$1] - pool-3-thread-1
2017-08-30 21:49:05,274 DEBUG [common.collections.timer.TimeAxis$1] - pool-3-thread-1
2017-08-30 21:49:05,290 DEBUG [common.collections.timer.TimeAxis$1] - pool-3-thread-1
2017-08-30 21:49:05,306 DEBUG [common.collections.timer.TimeAxis$1] - pool-3-thread-1
2017-08-30 21:49:05,306 DEBUG [common.collections.timer.TimeAxis$1] - pool-3-thread-1
2017-08-30 21:49:05,321 DEBUG [common.collections.timer.TimeAxis$1] - pool-3-thread-1
2017-08-30 21:49:05,338 DEBUG [common.collections.timer.TimeAxis$1] - pool-3-thread-1
2017-08-30 21:49:05,338 DEBUG [common.collections.timer.TimeAxis$1] - pool-3-thread-1
2017-08-30 21:49:05,353 DEBUG [common.collections.timer.TimeAxis$1] - pool-3-thread-1
2017-08-30 21:49:05,369 DEBUG [common.collections.timer.TimeAxis$1] - pool-3-thread-1
2017-08-30 21:49:05,369 DEBUG [common.collections.timer.TimeAxis$1] - pool-3-thread-1
2017-08-30 21:49:05,385 DEBUG [common.collections.timer.TimeAxis$1] - pool-3-thread-1
2017-08-30 21:49:05,385 DEBUG [common.collections.timer.TimeAxis$1] - pool-3-thread-1
2017-08-30 21:49:05,400 DEBUG [common.collections.timer.TimeAxis$1] - pool-3-thread-1
2017-08-30 21:49:05,416 DEBUG [common.collections.timer.TimeAxis$1] - pool-3-thread-1
2017-08-30 21:49:05,416 DEBUG [common.collections.timer.TimeAxis$1] - pool-3-thread-1
2017-08-30 21:49:05,431 DEBUG [common.collections.timer.TimeAxis$1] - pool-3-thread-1
2017-08-30 21:49:05,447 DEBUG [common.collections.timer.TimeAxis$1] - pool-3-thread-1
2017-08-30 21:49:05,447 DEBUG [common.collections.timer.TimeAxis$1] - pool-3-thread-1
2017-08-30 21:49:05,462 DEBUG [common.collections.timer.TimeAxis$1] - pool-3-thread-1
2017-08-30 21:49:05,478 DEBUG [common.collections.timer.TimeAxis$1] - pool-3-thread-1
2017-08-30 21:49:05,478 DEBUG [common.collections.timer.TimeAxis$1] - pool-3-thread-1
2017-08-30 21:49:05,494 DEBUG [common.collections.timer.TimeAxis$1] - pool-3-thread-1
2017-08-30 21:49:05,494 DEBUG [common.collections.timer.TimeAxis$1] - pool-3-thread-1
2017-08-30 21:49:05,509 DEBUG [common.collections.timer.TimeAxis$1] - pool-3-thread-1
2017-08-30 21:49:05,525 DEBUG [common.collections.timer.TimeAxis$1] - pool-3-thread-1
2017-08-30 21:49:05,525 DEBUG [common.collections.timer.TimeAxis$1] - pool-3-thread-1
2017-08-30 21:49:05,540 DEBUG [common.collections.timer.TimeAxis$1] - pool-3-thread-1
2017-08-30 21:49:05,556 DEBUG [common.collections.timer.TimeAxis$1] - pool-3-thread-1
2017-08-30 21:49:05,556 DEBUG [common.collections.timer.TimeAxis$1] - pool-3-thread-1
2017-08-30 21:49:05,572 DEBUG [common.collections.timer.TimeAxis$1] - pool-3-thread-1
2017-08-30 21:49:05,587 DEBUG [common.collections.timer.TimeAxis$1] - pool-3-thread-1
2017-08-30 21:49:05,587 DEBUG [common.collections.timer.TimeAxis$1] - pool-3-thread-1
2017-08-30 21:49:05,603 DEBUG [common.collections.timer.TimeAxis$1] - pool-3-thread-1
2017-08-30 21:49:05,603 DEBUG [common.collections.timer.TimeAxis$1] - pool-3-thread-1
2017-08-30 21:49:05,618 DEBUG [common.collections.timer.TimeAxis$1] - pool-3-thread-1
2017-08-30 21:49:05,634 DEBUG [common.collections.timer.TimeAxis$1] - pool-3-thread-1
2017-08-30 21:49:05,634 DEBUG [common.collections.timer.TimeAxis$1] - pool-3-thread-1
2017-08-30 21:49:05,649 DEBUG [common.collections.timer.TimeAxis$1] - pool-3-thread-1
2017-08-30 21:49:05,665 DEBUG [common.collections.timer.TimeAxis$1] - pool-3-thread-1
2017-08-30 21:49:05,665 DEBUG [common.collections.timer.TimeAxis$1] - pool-3-thread-1
2017-08-30 21:49:05,681 DEBUG [common.collections.timer.TimeAxis$1] - pool-3-thread-1
2017-08-30 21:49:05,696 DEBUG [common.collections.timer.TimeAxis$1] - pool-3-thread-1
2017-08-30 21:49:05,696 DEBUG [common.collections.timer.TimeAxis$1] - pool-3-thread-1
2017-08-30 21:49:05,713 DEBUG [common.collections.timer.TimeAxis$1] - pool-3-thread-1
2017-08-30 21:49:05,728 DEBUG [common.collections.timer.TimeAxis$1] - pool-3-thread-1
2017-08-30 21:49:05,728 DEBUG [common.collections.timer.TimeAxis$1] - pool-3-thread-1
2017-08-30 21:49:05,744 DEBUG [common.collections.timer.TimeAxis$1] - pool-3-thread-1
2017-08-30 21:49:05,746 DEBUG [common.collections.timer.TimeAxis$1] - pool-3-thread-1
2017-08-30 21:49:05,762 DEBUG [common.collections.timer.TimeAxis$1] - pool-3-thread-1
2017-08-30 21:49:05,778 DEBUG [common.collections.timer.TimeAxis$1] - pool-3-thread-1
2017-08-30 21:49:05,778 DEBUG [common.collections.timer.TimeAxis$1] - pool-3-thread-1
2017-08-30 21:49:05,793 DEBUG [common.collections.timer.TimeAxis$1] - pool-3-thread-1
2017-08-30 21:49:05,809 DEBUG [common.collections.timer.TimeAxis$1] - pool-3-thread-1
2017-08-30 21:49:05,809 DEBUG [common.collections.timer.TimeAxis$1] - pool-3-thread-1
2017-08-30 21:49:05,825 DEBUG [common.collections.timer.TimeAxis$1] - pool-3-thread-1
2017-08-30 21:49:05,825 DEBUG [common.collections.timer.TimeAxis$1] - pool-3-thread-1
2017-08-30 21:49:05,840 DEBUG [common.collections.timer.TimeAxis$1] - pool-3-thread-1
2017-08-30 21:49:05,856 DEBUG [common.collections.timer.TimeAxis$1] - pool-3-thread-1
2017-08-30 21:49:05,856 DEBUG [common.collections.timer.TimeAxis$1] - pool-3-thread-1
2017-08-30 21:49:05,871 DEBUG [common.collections.timer.TimeAxis$1] - pool-3-thread-1
2017-08-30 21:49:05,887 DEBUG [common.collections.timer.TimeAxis$1] - pool-3-thread-1
2017-08-30 21:49:05,887 DEBUG [common.collections.timer.TimeAxis$1] - pool-3-thread-1
2017-08-30 21:49:05,902 DEBUG [common.collections.timer.TimeAxis$1] - pool-3-thread-1
2017-08-30 21:49:05,918 DEBUG [common.collections.timer.TimeAxis$1] - pool-3-thread-1
2017-08-30 21:49:05,918 DEBUG [common.collections.timer.TimeAxis$1] - pool-3-thread-1
2017-08-30 21:49:05,934 DEBUG [common.collections.timer.TimeAxis$1] - pool-3-thread-1
2017-08-30 21:49:05,934 DEBUG [common.collections.timer.TimeAxis$1] - pool-3-thread-1
2017-08-30 21:49:05,949 DEBUG [common.collections.timer.TimeAxis$1] - pool-3-thread-1
2017-08-30 21:49:05,965 DEBUG [common.collections.timer.TimeAxis$1] - pool-3-thread-1
2017-08-30 21:49:05,965 DEBUG [common.collections.timer.TimeAxis$1] - pool-3-thread-1
2017-08-30 21:49:05,980 DEBUG [common.collections.timer.TimeAxis$1] - pool-3-thread-1
2017-08-30 21:49:05,996 DEBUG [common.collections.timer.TimeAxis$1] - pool-3-thread-1
2017-08-30 21:49:05,996 DEBUG [common.collections.timer.TimeAxis$1] - pool-3-thread-1
2017-08-30 21:49:06,012 DEBUG [common.collections.timer.TimeAxis$1] - pool-3-thread-1
2017-08-30 21:49:06,027 DEBUG [common.collections.timer.TimeAxis$1] - pool-3-thread-1
2017-08-30 21:49:06,027 DEBUG [common.collections.timer.TimeAxis$1] - pool-3-thread-1
2017-08-30 21:49:06,043 DEBUG [common.collections.timer.TimeAxis$1] - pool-3-thread-1
2017-08-30 21:49:06,058 DEBUG [common.collections.timer.TimeAxis$1] - pool-3-thread-1
2017-08-30 21:49:06,058 DEBUG [common.collections.timer.TimeAxis$1] - pool-3-thread-1
2017-08-30 21:49:06,075 DEBUG [common.collections.timer.TimeAxis$1] - pool-3-thread-1
2017-08-30 21:49:06,075 DEBUG [common.collections.timer.TimeAxis$1] - pool-3-thread-1
2017-08-30 21:49:06,090 DEBUG [common.collections.timer.TimeAxis$1] - pool-3-thread-1
2017-08-30 21:49:06,106 DEBUG [common.collections.timer.TimeAxis$1] - pool-3-thread-1
2017-08-30 21:49:06,106 DEBUG [common.collections.timer.TimeAxis$1] - pool-3-thread-1
2017-08-30 21:49:06,122 DEBUG [common.collections.timer.TimeAxis$1] - pool-3-thread-1
2017-08-30 21:49:06,137 DEBUG [common.collections.timer.TimeAxis$1] - pool-3-thread-1
2017-08-30 21:49:06,137 DEBUG [common.collections.timer.TimeAxis$1] - pool-3-thread-1
2017-08-30 21:49:06,153 DEBUG [common.collections.timer.TimeAxis$1] - pool-3-thread-1
2017-08-30 21:49:06,168 DEBUG [common.collections.timer.TimeAxis$1] - pool-3-thread-1
2017-08-30 21:49:06,168 DEBUG [common.collections.timer.TimeAxis$1] - pool-3-thread-1
2017-08-30 21:49:06,184 DEBUG [common.collections.timer.TimeAxis$1] - pool-3-thread-1
2017-08-30 21:49:06,184 DEBUG [common.collections.timer.TimeAxis$1] - pool-3-thread-1
2017-08-30 21:49:06,200 DEBUG [common.collections.timer.TimeAxis$1] - pool-3-thread-1
2017-08-30 21:49:06,215 DEBUG [common.collections.timer.TimeAxis$1] - pool-3-thread-1
2017-08-30 21:49:06,215 DEBUG [common.collections.timer.TimeAxis$1] - pool-3-thread-1
2017-08-30 21:49:06,231 DEBUG [common.collections.timer.TimeAxis$1] - pool-3-thread-1
2017-08-30 21:49:06,246 DEBUG [common.collections.timer.TimeAxis$1] - pool-3-thread-1
2017-08-30 21:49:06,246 DEBUG [common.collections.timer.TimeAxis$1] - pool-3-thread-1
2017-08-30 21:49:06,262 DEBUG [common.collections.timer.TimeAxis$1] - pool-3-thread-1
2017-08-30 21:49:06,277 DEBUG [common.collections.timer.TimeAxis$1] - pool-3-thread-1
2017-08-30 21:49:06,277 DEBUG [common.collections.timer.TimeAxis$1] - pool-3-thread-1
2017-08-30 21:49:06,293 DEBUG [common.collections.timer.TimeAxis$1] - pool-3-thread-1
2017-08-30 21:49:06,309 DEBUG [common.collections.timer.TimeAxis$1] - pool-3-thread-1
2017-08-30 21:49:06,309 DEBUG [common.collections.timer.TimeAxis$1] - pool-3-thread-1
2017-08-30 21:49:06,324 DEBUG [common.collections.timer.TimeAxis$1] - pool-3-thread-1
2017-08-30 21:49:06,324 DEBUG [common.collections.timer.TimeAxis$1] - pool-3-thread-1
2017-08-30 21:49:06,340 DEBUG [common.collections.timer.TimeAxis$1] - pool-3-thread-1
2017-08-30 21:49:06,355 DEBUG [common.collections.timer.TimeAxis$1] - pool-3-thread-1
2017-08-30 21:49:06,355 DEBUG [common.collections.timer.TimeAxis$1] - pool-3-thread-1
2017-08-30 21:49:06,371 DEBUG [common.collections.timer.TimeAxis$1] - pool-3-thread-1
2017-08-30 21:49:06,387 DEBUG [common.collections.timer.TimeAxis$1] - pool-3-thread-1
2017-08-30 21:49:06,387 DEBUG [common.collections.timer.TimeAxis$1] - pool-3-thread-1
2017-08-30 21:49:06,402 DEBUG [common.collections.timer.TimeAxis$1] - pool-3-thread-1
2017-08-30 21:49:06,418 DEBUG [common.collections.timer.TimeAxis$1] - pool-3-thread-1
2017-08-30 21:49:06,418 DEBUG [common.collections.timer.TimeAxis$1] - pool-3-thread-1
2017-08-30 21:49:06,433 DEBUG [common.collections.timer.TimeAxis$1] - pool-3-thread-1
2017-08-30 21:49:06,450 DEBUG [common.collections.timer.TimeAxis$1] - pool-3-thread-1
2017-08-30 21:49:06,450 DEBUG [common.collections.timer.TimeAxis$1] - pool-3-thread-1
2017-08-30 21:49:06,465 DEBUG [common.collections.timer.TimeAxis$1] - pool-3-thread-1
2017-08-30 21:49:06,465 DEBUG [common.collections.timer.TimeAxis$1] - pool-3-thread-1
2017-08-30 21:49:06,481 DEBUG [common.collections.timer.TimeAxis$1] - pool-3-thread-1
2017-08-30 21:49:06,497 DEBUG [common.collections.timer.TimeAxis$1] - pool-3-thread-1
2017-08-30 21:49:06,497 DEBUG [common.collections.timer.TimeAxis$1] - pool-3-thread-1
2017-08-30 21:49:06,512 DEBUG [common.collections.timer.TimeAxis$1] - pool-3-thread-1
2017-08-30 21:49:06,528 DEBUG [common.collections.timer.TimeAxis$1] - pool-3-thread-1
2017-08-30 21:49:06,528 DEBUG [common.collections.timer.TimeAxis$1] - pool-3-thread-1
2017-08-30 21:49:06,543 DEBUG [common.collections.timer.TimeAxis$1] - pool-3-thread-1
2017-08-30 21:49:06,559 DEBUG [common.collections.timer.TimeAxis$1] - pool-3-thread-1
2017-08-30 21:49:06,559 DEBUG [common.collections.timer.TimeAxis$1] - pool-3-thread-1
2017-08-30 21:49:06,575 DEBUG [common.collections.timer.TimeAxis$1] - pool-3-thread-1
2017-08-30 21:49:06,575 DEBUG [common.collections.timer.TimeAxis$1] - pool-3-thread-1
2017-08-30 21:49:06,590 DEBUG [common.collections.timer.TimeAxis$1] - pool-3-thread-1
2017-08-30 21:49:06,606 DEBUG [common.collections.timer.TimeAxis$1] - pool-3-thread-1
2017-08-30 21:49:06,606 DEBUG [common.collections.timer.TimeAxis$1] - pool-3-thread-1
2017-08-30 21:49:06,621 DEBUG [common.collections.timer.TimeAxis$1] - pool-3-thread-1
2017-08-30 21:49:06,637 DEBUG [common.collections.timer.TimeAxis$1] - pool-3-thread-1
2017-08-30 21:49:06,637 DEBUG [common.collections.timer.TimeAxis$1] - pool-3-thread-1
2017-08-30 21:49:06,652 DEBUG [common.collections.timer.TimeAxis$1] - pool-3-thread-1
2017-08-30 21:49:06,668 DEBUG [common.collections.timer.TimeAxis$1] - pool-3-thread-1
2017-08-30 21:49:06,668 DEBUG [common.collections.timer.TimeAxis$1] - pool-3-thread-1
2017-08-30 21:49:06,684 DEBUG [common.collections.timer.TimeAxis$1] - pool-3-thread-1
2017-08-30 21:49:06,684 DEBUG [common.collections.timer.TimeAxis$1] - pool-3-thread-1
2017-08-30 21:49:06,699 DEBUG [common.collections.timer.TimeAxis$1] - pool-3-thread-1
2017-08-30 21:49:06,715 DEBUG [common.collections.timer.TimeAxis$1] - pool-3-thread-1
2017-08-30 21:49:06,715 DEBUG [common.collections.timer.TimeAxis$1] - pool-3-thread-1
2017-08-30 21:49:06,730 DEBUG [common.collections.timer.TimeAxis$1] - pool-3-thread-1
2017-08-30 21:49:06,746 DEBUG [common.collections.timer.TimeAxis$1] - pool-3-thread-1
2017-08-30 21:49:06,746 DEBUG [common.collections.timer.TimeAxis$1] - pool-3-thread-1
2017-08-30 21:49:06,767 DEBUG [common.collections.timer.TimeAxis$1] - pool-3-thread-1
2017-08-30 21:49:06,767 DEBUG [common.collections.timer.TimeAxis$1] - pool-3-thread-1
2017-08-30 21:49:27,325 DEBUG [common.collections.timer.TimeAxis] - TimeAxis has thread problems, do not use!!!
2017-08-30 21:50:19,815 DEBUG [common.collections.timer.TimeAxis] - TimeAxis has thread problems, do not use!!!
2017-08-30 21:50:36,633 DEBUG [azura.helios6.Helios6Core] - db version = 5, size = 13324kb
2017-08-30 21:50:45,983 DEBUG [common.collections.timer.TimeAxis] - TimeAxis has thread problems, do not use!!!
2017-08-30 21:51:10,046 DEBUG [azura.helios6.Helios6Core] - db version = 11, size = 19963kb
2017-08-30 21:52:18,781 DEBUG [common.collections.timer.TimeAxis] - TimeAxis has thread problems, do not use!!!
2017-08-30 21:52:39,918 DEBUG [azura.helios6.Helios6Core] - db version = 17, size = 26615kb
2017-08-30 21:56:31,695 DEBUG [common.collections.timer.TimeAxis] - TimeAxis has thread problems, do not use!!!
2017-08-30 21:56:46,844 DEBUG [azura.helios6.Helios6Core] - db version = 23, size = 33263kb
2017-08-30 21:57:30,088 DEBUG [common.collections.timer.TimeAxis] - TimeAxis has thread problems, do not use!!!
2017-08-30 21:57:44,417 DEBUG [azura.helios6.Helios6Core] - db version = 29, size = 39907kb
2017-08-30 21:57:52,622 DEBUG [common.collections.timer.TimeAxis] - TimeAxis has thread problems, do not use!!!
2017-08-30 21:58:08,512 DEBUG [azura.helios6.Helios6Core] - db version = 35, size = 46567kb
2017-08-30 21:58:11,142 DEBUG [common.collections.timer.TimeAxis] - TimeAxis has thread problems, do not use!!!
2017-08-30 21:58:32,541 DEBUG [azura.helios6.Helios6Core] - db version = 41, size = 53223kb
2017-08-30 21:58:44,472 DEBUG [common.collections.timer.TimeAxis] - TimeAxis has thread problems, do not use!!!
2017-08-30 21:59:06,430 DEBUG [azura.helios6.Helios6Core] - db version = 47, size = 59895kb
